Building DAG of jobs...
Using shell: /bin/bash
Provided cores: 1 (use --cores to define parallelism)
Rules claiming more threads will be scaled down.
Job stats:
job              count    min threads    max threads
-------------  -------  -------------  -------------
run_netMHCpan        1              1              1
total                1              1              1

Select jobs to execute...

[Sun Jul 10 21:10:58 2022]
rule run_netMHCpan:
    input: data/test_netpan_al.pep
    output: results/test_netpan.xls
    jobid: 0
    reason: Missing output files: results/test_netpan.xls
    wildcards: sample=test_netpan
    resources: tmpdir=/var/folders/3n/dzwnf1yn2pz2qt6dgklrqmfh0000gp/T

[Sun Jul 10 21:10:58 2022]
Error in rule run_netMHCpan:
    jobid: 0
    output: results/test_netpan.xls
    shell:
        sh scripts/run_netMHCpan.sh -i data/test_netpan_al.pep -o results/test_netpan.xls
        (one of the commands exited with non-zero exit code; note that snakemake uses bash strict mode!)

Removing output files of failed job run_netMHCpan since they might be corrupted:
results/test_netpan.xls
Shutting down, this might take some time.
Exiting because a job execution failed. Look above for error message
Complete log: .snakemake/log/2022-07-10T211057.853767.snakemake.log
