Building DAG of jobs...
Using shell: /bin/bash
Provided cores: 1 (use --cores to define parallelism)
Rules claiming more threads will be scaled down.
Job stats:
job              count    min threads    max threads
-------------  -------  -------------  -------------
pep_aln              1              1              1
run_netMHCpan        1              1              1
total                2              1              1

Select jobs to execute...

[Sun Jul 10 21:45:22 2022]
rule pep_aln:
    input: data/RSVA_test.pep
    output: data/RSVA_test_al.pep
    jobid: 1
    reason: Missing output files: data/RSVA_test_al.pep
    wildcards: sample=RSVA_test
    resources: tmpdir=/var/folders/3n/dzwnf1yn2pz2qt6dgklrqmfh0000gp/T

[Sun Jul 10 21:45:22 2022]
Finished job 1.
1 of 2 steps (50%) done
Select jobs to execute...

[Sun Jul 10 21:45:22 2022]
rule run_netMHCpan:
    input: data/RSVA_test_al.pep
    output: results/RSVA_test.xls
    jobid: 0
    reason: Missing output files: results/RSVA_test.xls; Input files updated by another job: data/RSVA_test_al.pep
    wildcards: sample=RSVA_test
    resources: tmpdir=/var/folders/3n/dzwnf1yn2pz2qt6dgklrqmfh0000gp/T

[Sun Jul 10 21:47:54 2022]
Finished job 0.
2 of 2 steps (100%) done
Complete log: .snakemake/log/2022-07-10T214521.438183.snakemake.log
