Building DAG of jobs...
Using shell: /bin/bash
Provided cores: 1 (use --cores to define parallelism)
Rules claiming more threads will be scaled down.
Job stats:
job       count    min threads    max threads
------  -------  -------------  -------------
T_dist        1              1              1
total         1              1              1

Select jobs to execute...

[Sun Jul 10 23:42:29 2022]
rule T_dist:
    input: results/RSVA_test.xls
    output: results/RSVA_test.csv
    jobid: 0
    reason: Missing output files: results/RSVA_test.csv
    wildcards: sample=RSVA_test
    resources: tmpdir=/var/folders/3n/dzwnf1yn2pz2qt6dgklrqmfh0000gp/T

[Sun Jul 10 23:42:30 2022]
Finished job 0.
1 of 1 steps (100%) done
Complete log: .snakemake/log/2022-07-10T234228.592227.snakemake.log
