Building DAG of jobs...
Using shell: /bin/bash
Provided cores: 1 (use --cores to define parallelism)
Rules claiming more threads will be scaled down.
Job stats:
job        count    min threads    max threads
-------  -------  -------------  -------------
pep_aln        1              1              1
total          1              1              1

Select jobs to execute...

[Sat Jul  9 21:49:12 2022]
rule pep_aln:
    input: data/RSVA_F_test_reduce.pep
    output: data/RSVA_F_test_reduce_al.pep
    jobid: 0
    reason: Missing output files: data/RSVA_F_test_reduce_al.pep
    wildcards: sample=RSVA_F_test_reduce
    resources: tmpdir=/var/folders/3n/dzwnf1yn2pz2qt6dgklrqmfh0000gp/T

[Sat Jul  9 21:49:13 2022]
Finished job 0.
1 of 1 steps (100%) done
Complete log: .snakemake/log/2022-07-09T214912.133094.snakemake.log
